0 info it worked if it ends with ok
1 verbose cli [ '/usr/local/bin/node',
1 verbose cli   '/usr/local/bin/npm',
1 verbose cli   'install',
1 verbose cli   'express-generator',
1 verbose cli   '-g' ]
2 info using npm@3.10.8
3 info using node@v6.9.1
4 silly loadCurrentTree Starting
5 silly install loadCurrentTree
6 silly install readGlobalPackageData
7 silly fetchPackageMetaData express-generator
8 silly fetchNamedPackageData express-generator
9 silly mapToRegistry name express-generator
10 silly mapToRegistry using default registry
11 silly mapToRegistry registry https://registry.npmjs.org/
12 silly mapToRegistry data Result {
12 silly mapToRegistry   raw: 'express-generator',
12 silly mapToRegistry   scope: null,
12 silly mapToRegistry   escapedName: 'express-generator',
12 silly mapToRegistry   name: 'express-generator',
12 silly mapToRegistry   rawSpec: '',
12 silly mapToRegistry   spec: 'latest',
12 silly mapToRegistry   type: 'tag' }
13 silly mapToRegistry uri https://registry.npmjs.org/express-generator
14 verbose request uri https://registry.npmjs.org/express-generator
15 verbose request no auth needed
16 info attempt registry request try #1 at 17:17:42
17 verbose request id 6d3a2c522f67466f
18 verbose etag W/"58929bf2-95a1"
19 verbose lastModified Thu, 02 Feb 2017 02:39:46 GMT
20 http request GET https://registry.npmjs.org/express-generator
21 http 304 https://registry.npmjs.org/express-generator
22 verbose headers { date: 'Sun, 05 Feb 2017 22:17:42 GMT',
22 verbose headers   via: '1.1 varnish',
22 verbose headers   'cache-control': 'max-age=300',
22 verbose headers   etag: 'W/"58929bf2-95a1"',
22 verbose headers   age: '23',
22 verbose headers   connection: 'keep-alive',
22 verbose headers   'x-served-by': 'cache-bos8228-BOS',
22 verbose headers   'x-cache': 'HIT',
22 verbose headers   'x-cache-hits': '1',
22 verbose headers   'x-timer': 'S1486333062.842100,VS0,VE0',
22 verbose headers   vary: 'Accept-Encoding' }
23 silly get cb [ 304,
23 silly get   { date: 'Sun, 05 Feb 2017 22:17:42 GMT',
23 silly get     via: '1.1 varnish',
23 silly get     'cache-control': 'max-age=300',
23 silly get     etag: 'W/"58929bf2-95a1"',
23 silly get     age: '23',
23 silly get     connection: 'keep-alive',
23 silly get     'x-served-by': 'cache-bos8228-BOS',
23 silly get     'x-cache': 'HIT',
23 silly get     'x-cache-hits': '1',
23 silly get     'x-timer': 'S1486333062.842100,VS0,VE0',
23 silly get     vary: 'Accept-Encoding' } ]
24 verbose etag https://registry.npmjs.org/express-generator from cache
25 verbose get saving express-generator to /Users/xinxiuyan/.npm/registry.npmjs.org/express-generator/.cache.json
26 verbose correctMkdir /Users/xinxiuyan/.npm correctMkdir not in flight; initializing
27 silly install normalizeTree
28 silly loadCurrentTree Finishing
29 silly loadIdealTree Starting
30 silly install loadIdealTree
31 silly cloneCurrentTree Starting
32 silly install cloneCurrentTreeToIdealTree
33 silly cloneCurrentTree Finishing
34 silly loadShrinkwrap Starting
35 silly install loadShrinkwrap
36 silly loadShrinkwrap Finishing
37 silly loadAllDepsIntoIdealTree Starting
38 silly install loadAllDepsIntoIdealTree
39 silly resolveWithNewModule express-generator@4.14.1 checking installable status
40 silly cache add args [ 'express-generator', null ]
41 verbose cache add spec express-generator
42 silly cache add parsed spec Result {
42 silly cache add   raw: 'express-generator',
42 silly cache add   scope: null,
42 silly cache add   escapedName: 'express-generator',
42 silly cache add   name: 'express-generator',
42 silly cache add   rawSpec: '',
42 silly cache add   spec: 'latest',
42 silly cache add   type: 'tag' }
43 silly addNamed express-generator@latest
44 verbose addNamed "latest" is being treated as a dist-tag for express-generator
45 info addNameTag [ 'express-generator', 'latest' ]
46 silly mapToRegistry name express-generator
47 silly mapToRegistry using default registry
48 silly mapToRegistry registry https://registry.npmjs.org/
49 silly mapToRegistry data Result {
49 silly mapToRegistry   raw: 'express-generator',
49 silly mapToRegistry   scope: null,
49 silly mapToRegistry   escapedName: 'express-generator',
49 silly mapToRegistry   name: 'express-generator',
49 silly mapToRegistry   rawSpec: '',
49 silly mapToRegistry   spec: 'latest',
49 silly mapToRegistry   type: 'tag' }
50 silly mapToRegistry uri https://registry.npmjs.org/express-generator
51 verbose addNameTag registry:https://registry.npmjs.org/express-generator not in flight; fetching
52 verbose get https://registry.npmjs.org/express-generator not expired, no request
53 silly addNameTag next cb for express-generator with tag latest
54 silly addNamed express-generator@4.14.1
55 verbose addNamed "4.14.1" is a plain semver version for express-generator
56 silly cache afterAdd express-generator@4.14.1
57 verbose afterAdd /Users/xinxiuyan/.npm/express-generator/4.14.1/package/package.json not in flight; writing
58 verbose correctMkdir /Users/xinxiuyan/.npm correctMkdir not in flight; initializing
59 verbose afterAdd /Users/xinxiuyan/.npm/express-generator/4.14.1/package/package.json written
60 silly fetchNamedPackageData commander
61 silly mapToRegistry name commander
62 silly mapToRegistry using default registry
63 silly mapToRegistry registry https://registry.npmjs.org/
64 silly mapToRegistry data Result {
64 silly mapToRegistry   raw: 'commander',
64 silly mapToRegistry   scope: null,
64 silly mapToRegistry   escapedName: 'commander',
64 silly mapToRegistry   name: 'commander',
64 silly mapToRegistry   rawSpec: '',
64 silly mapToRegistry   spec: 'latest',
64 silly mapToRegistry   type: 'tag' }
65 silly mapToRegistry uri https://registry.npmjs.org/commander
66 silly fetchNamedPackageData mkdirp
67 silly mapToRegistry name mkdirp
68 silly mapToRegistry using default registry
69 silly mapToRegistry registry https://registry.npmjs.org/
70 silly mapToRegistry data Result {
70 silly mapToRegistry   raw: 'mkdirp',
70 silly mapToRegistry   scope: null,
70 silly mapToRegistry   escapedName: 'mkdirp',
70 silly mapToRegistry   name: 'mkdirp',
70 silly mapToRegistry   rawSpec: '',
70 silly mapToRegistry   spec: 'latest',
70 silly mapToRegistry   type: 'tag' }
71 silly mapToRegistry uri https://registry.npmjs.org/mkdirp
72 silly fetchNamedPackageData sorted-object
73 silly mapToRegistry name sorted-object
74 silly mapToRegistry using default registry
75 silly mapToRegistry registry https://registry.npmjs.org/
76 silly mapToRegistry data Result {
76 silly mapToRegistry   raw: 'sorted-object',
76 silly mapToRegistry   scope: null,
76 silly mapToRegistry   escapedName: 'sorted-object',
76 silly mapToRegistry   name: 'sorted-object',
76 silly mapToRegistry   rawSpec: '',
76 silly mapToRegistry   spec: 'latest',
76 silly mapToRegistry   type: 'tag' }
77 silly mapToRegistry uri https://registry.npmjs.org/sorted-object
78 verbose request uri https://registry.npmjs.org/sorted-object
79 verbose request no auth needed
80 info attempt registry request try #1 at 17:17:42
81 verbose etag W/"57d499b1-1545"
82 verbose lastModified Sat, 10 Sep 2016 23:39:29 GMT
83 http request GET https://registry.npmjs.org/sorted-object
84 verbose request uri https://registry.npmjs.org/commander
85 verbose request no auth needed
86 info attempt registry request try #1 at 17:17:42
87 verbose etag W/"589580b3-feef"
88 verbose lastModified Sat, 04 Feb 2017 07:20:19 GMT
89 http request GET https://registry.npmjs.org/commander
90 verbose request uri https://registry.npmjs.org/mkdirp
91 verbose request no auth needed
92 info attempt registry request try #1 at 17:17:42
93 verbose etag W/"5890d1ea-6169"
94 verbose lastModified Tue, 31 Jan 2017 18:05:30 GMT
95 http request GET https://registry.npmjs.org/mkdirp
96 http 304 https://registry.npmjs.org/sorted-object
97 verbose headers { date: 'Sun, 05 Feb 2017 22:17:42 GMT',
97 verbose headers   via: '1.1 varnish',
97 verbose headers   'cache-control': 'max-age=300',
97 verbose headers   etag: 'W/"57d499b1-1545"',
97 verbose headers   age: '23',
97 verbose headers   connection: 'keep-alive',
97 verbose headers   'x-served-by': 'cache-bos8228-BOS',
97 verbose headers   'x-cache': 'HIT',
97 verbose headers   'x-cache-hits': '1',
97 verbose headers   'x-timer': 'S1486333062.944958,VS0,VE0',
97 verbose headers   vary: 'Accept-Encoding' }
98 silly get cb [ 304,
98 silly get   { date: 'Sun, 05 Feb 2017 22:17:42 GMT',
98 silly get     via: '1.1 varnish',
98 silly get     'cache-control': 'max-age=300',
98 silly get     etag: 'W/"57d499b1-1545"',
98 silly get     age: '23',
98 silly get     connection: 'keep-alive',
98 silly get     'x-served-by': 'cache-bos8228-BOS',
98 silly get     'x-cache': 'HIT',
98 silly get     'x-cache-hits': '1',
98 silly get     'x-timer': 'S1486333062.944958,VS0,VE0',
98 silly get     vary: 'Accept-Encoding' } ]
99 verbose etag https://registry.npmjs.org/sorted-object from cache
100 verbose get saving sorted-object to /Users/xinxiuyan/.npm/registry.npmjs.org/sorted-object/.cache.json
101 verbose correctMkdir /Users/xinxiuyan/.npm correctMkdir not in flight; initializing
102 silly resolveWithNewModule sorted-object@2.0.1 checking installable status
103 silly cache add args [ 'sorted-object@2.0.1', null ]
104 verbose cache add spec sorted-object@2.0.1
105 silly cache add parsed spec Result {
105 silly cache add   raw: 'sorted-object@2.0.1',
105 silly cache add   scope: null,
105 silly cache add   escapedName: 'sorted-object',
105 silly cache add   name: 'sorted-object',
105 silly cache add   rawSpec: '2.0.1',
105 silly cache add   spec: '2.0.1',
105 silly cache add   type: 'version' }
106 silly addNamed sorted-object@2.0.1
107 verbose addNamed "2.0.1" is a plain semver version for sorted-object
108 silly mapToRegistry name sorted-object
109 silly mapToRegistry using default registry
110 silly mapToRegistry registry https://registry.npmjs.org/
111 silly mapToRegistry data Result {
111 silly mapToRegistry   raw: 'sorted-object',
111 silly mapToRegistry   scope: null,
111 silly mapToRegistry   escapedName: 'sorted-object',
111 silly mapToRegistry   name: 'sorted-object',
111 silly mapToRegistry   rawSpec: '',
111 silly mapToRegistry   spec: 'latest',
111 silly mapToRegistry   type: 'tag' }
112 silly mapToRegistry uri https://registry.npmjs.org/sorted-object
113 verbose addNameVersion registry:https://registry.npmjs.org/sorted-object not in flight; fetching
114 verbose get https://registry.npmjs.org/sorted-object not expired, no request
115 silly cache afterAdd sorted-object@2.0.1
116 verbose afterAdd /Users/xinxiuyan/.npm/sorted-object/2.0.1/package/package.json not in flight; writing
117 verbose correctMkdir /Users/xinxiuyan/.npm correctMkdir not in flight; initializing
118 verbose afterAdd /Users/xinxiuyan/.npm/sorted-object/2.0.1/package/package.json written
119 http 304 https://registry.npmjs.org/mkdirp
120 verbose headers { date: 'Sun, 05 Feb 2017 22:17:42 GMT',
120 verbose headers   via: '1.1 varnish',
120 verbose headers   'cache-control': 'max-age=300',
120 verbose headers   etag: 'W/"5890d1ea-6169"',
120 verbose headers   age: '100',
120 verbose headers   connection: 'keep-alive',
120 verbose headers   'x-served-by': 'cache-bos8232-BOS',
120 verbose headers   'x-cache': 'HIT',
120 verbose headers   'x-cache-hits': '2',
120 verbose headers   'x-timer': 'S1486333062.970328,VS0,VE0',
120 verbose headers   vary: 'Accept-Encoding' }
121 silly get cb [ 304,
121 silly get   { date: 'Sun, 05 Feb 2017 22:17:42 GMT',
121 silly get     via: '1.1 varnish',
121 silly get     'cache-control': 'max-age=300',
121 silly get     etag: 'W/"5890d1ea-6169"',
121 silly get     age: '100',
121 silly get     connection: 'keep-alive',
121 silly get     'x-served-by': 'cache-bos8232-BOS',
121 silly get     'x-cache': 'HIT',
121 silly get     'x-cache-hits': '2',
121 silly get     'x-timer': 'S1486333062.970328,VS0,VE0',
121 silly get     vary: 'Accept-Encoding' } ]
122 verbose etag https://registry.npmjs.org/mkdirp from cache
123 verbose get saving mkdirp to /Users/xinxiuyan/.npm/registry.npmjs.org/mkdirp/.cache.json
124 verbose correctMkdir /Users/xinxiuyan/.npm correctMkdir not in flight; initializing
125 http 304 https://registry.npmjs.org/commander
126 verbose headers { date: 'Sun, 05 Feb 2017 22:17:42 GMT',
126 verbose headers   via: '1.1 varnish',
126 verbose headers   'cache-control': 'max-age=300',
126 verbose headers   etag: 'W/"589580b3-feef"',
126 verbose headers   age: '39',
126 verbose headers   connection: 'keep-alive',
126 verbose headers   'x-served-by': 'cache-bos8224-BOS',
126 verbose headers   'x-cache': 'HIT',
126 verbose headers   'x-cache-hits': '1',
126 verbose headers   'x-timer': 'S1486333062.970203,VS0,VE0',
126 verbose headers   vary: 'Accept-Encoding' }
127 silly get cb [ 304,
127 silly get   { date: 'Sun, 05 Feb 2017 22:17:42 GMT',
127 silly get     via: '1.1 varnish',
127 silly get     'cache-control': 'max-age=300',
127 silly get     etag: 'W/"589580b3-feef"',
127 silly get     age: '39',
127 silly get     connection: 'keep-alive',
127 silly get     'x-served-by': 'cache-bos8224-BOS',
127 silly get     'x-cache': 'HIT',
127 silly get     'x-cache-hits': '1',
127 silly get     'x-timer': 'S1486333062.970203,VS0,VE0',
127 silly get     vary: 'Accept-Encoding' } ]
128 verbose etag https://registry.npmjs.org/commander from cache
129 verbose get saving commander to /Users/xinxiuyan/.npm/registry.npmjs.org/commander/.cache.json
130 verbose correctMkdir /Users/xinxiuyan/.npm correctMkdir not in flight; initializing
131 silly resolveWithNewModule mkdirp@0.5.1 checking installable status
132 silly cache add args [ 'mkdirp@0.5.1', null ]
133 verbose cache add spec mkdirp@0.5.1
134 silly cache add parsed spec Result {
134 silly cache add   raw: 'mkdirp@0.5.1',
134 silly cache add   scope: null,
134 silly cache add   escapedName: 'mkdirp',
134 silly cache add   name: 'mkdirp',
134 silly cache add   rawSpec: '0.5.1',
134 silly cache add   spec: '0.5.1',
134 silly cache add   type: 'version' }
135 silly addNamed mkdirp@0.5.1
136 verbose addNamed "0.5.1" is a plain semver version for mkdirp
137 silly mapToRegistry name mkdirp
138 silly mapToRegistry using default registry
139 silly mapToRegistry registry https://registry.npmjs.org/
140 silly mapToRegistry data Result {
140 silly mapToRegistry   raw: 'mkdirp',
140 silly mapToRegistry   scope: null,
140 silly mapToRegistry   escapedName: 'mkdirp',
140 silly mapToRegistry   name: 'mkdirp',
140 silly mapToRegistry   rawSpec: '',
140 silly mapToRegistry   spec: 'latest',
140 silly mapToRegistry   type: 'tag' }
141 silly mapToRegistry uri https://registry.npmjs.org/mkdirp
142 verbose addNameVersion registry:https://registry.npmjs.org/mkdirp not in flight; fetching
143 silly resolveWithNewModule commander@2.9.0 checking installable status
144 silly cache add args [ 'commander@2.9.0', null ]
145 verbose cache add spec commander@2.9.0
146 silly cache add parsed spec Result {
146 silly cache add   raw: 'commander@2.9.0',
146 silly cache add   scope: null,
146 silly cache add   escapedName: 'commander',
146 silly cache add   name: 'commander',
146 silly cache add   rawSpec: '2.9.0',
146 silly cache add   spec: '2.9.0',
146 silly cache add   type: 'version' }
147 silly addNamed commander@2.9.0
148 verbose addNamed "2.9.0" is a plain semver version for commander
149 silly mapToRegistry name commander
150 silly mapToRegistry using default registry
151 silly mapToRegistry registry https://registry.npmjs.org/
152 silly mapToRegistry data Result {
152 silly mapToRegistry   raw: 'commander',
152 silly mapToRegistry   scope: null,
152 silly mapToRegistry   escapedName: 'commander',
152 silly mapToRegistry   name: 'commander',
152 silly mapToRegistry   rawSpec: '',
152 silly mapToRegistry   spec: 'latest',
152 silly mapToRegistry   type: 'tag' }
153 silly mapToRegistry uri https://registry.npmjs.org/commander
154 verbose addNameVersion registry:https://registry.npmjs.org/commander not in flight; fetching
155 verbose get https://registry.npmjs.org/mkdirp not expired, no request
156 verbose get https://registry.npmjs.org/commander not expired, no request
157 silly cache afterAdd mkdirp@0.5.1
158 verbose afterAdd /Users/xinxiuyan/.npm/mkdirp/0.5.1/package/package.json not in flight; writing
159 verbose correctMkdir /Users/xinxiuyan/.npm correctMkdir not in flight; initializing
160 silly cache afterAdd commander@2.9.0
161 verbose afterAdd /Users/xinxiuyan/.npm/commander/2.9.0/package/package.json not in flight; writing
162 verbose correctMkdir /Users/xinxiuyan/.npm correctMkdir not in flight; initializing
163 verbose afterAdd /Users/xinxiuyan/.npm/mkdirp/0.5.1/package/package.json written
164 verbose afterAdd /Users/xinxiuyan/.npm/commander/2.9.0/package/package.json written
165 silly fetchNamedPackageData graceful-readlink
166 silly mapToRegistry name graceful-readlink
167 silly mapToRegistry using default registry
168 silly mapToRegistry registry https://registry.npmjs.org/
169 silly mapToRegistry data Result {
169 silly mapToRegistry   raw: 'graceful-readlink',
169 silly mapToRegistry   scope: null,
169 silly mapToRegistry   escapedName: 'graceful-readlink',
169 silly mapToRegistry   name: 'graceful-readlink',
169 silly mapToRegistry   rawSpec: '',
169 silly mapToRegistry   spec: 'latest',
169 silly mapToRegistry   type: 'tag' }
170 silly mapToRegistry uri https://registry.npmjs.org/graceful-readlink
171 verbose request uri https://registry.npmjs.org/graceful-readlink
172 verbose request no auth needed
173 info attempt registry request try #1 at 17:17:43
174 verbose etag W/"585ef90e-c1b"
175 verbose lastModified Sat, 24 Dec 2016 22:39:10 GMT
176 http request GET https://registry.npmjs.org/graceful-readlink
177 http 304 https://registry.npmjs.org/graceful-readlink
178 verbose headers { date: 'Sun, 05 Feb 2017 22:17:43 GMT',
178 verbose headers   via: '1.1 varnish',
178 verbose headers   'cache-control': 'max-age=300',
178 verbose headers   etag: 'W/"585ef90e-c1b"',
178 verbose headers   age: '39',
178 verbose headers   connection: 'keep-alive',
178 verbose headers   'x-served-by': 'cache-bos8228-BOS',
178 verbose headers   'x-cache': 'HIT',
178 verbose headers   'x-cache-hits': '1',
178 verbose headers   'x-timer': 'S1486333063.019295,VS0,VE0',
178 verbose headers   vary: 'Accept-Encoding' }
179 silly get cb [ 304,
179 silly get   { date: 'Sun, 05 Feb 2017 22:17:43 GMT',
179 silly get     via: '1.1 varnish',
179 silly get     'cache-control': 'max-age=300',
179 silly get     etag: 'W/"585ef90e-c1b"',
179 silly get     age: '39',
179 silly get     connection: 'keep-alive',
179 silly get     'x-served-by': 'cache-bos8228-BOS',
179 silly get     'x-cache': 'HIT',
179 silly get     'x-cache-hits': '1',
179 silly get     'x-timer': 'S1486333063.019295,VS0,VE0',
179 silly get     vary: 'Accept-Encoding' } ]
180 verbose etag https://registry.npmjs.org/graceful-readlink from cache
181 verbose get saving graceful-readlink to /Users/xinxiuyan/.npm/registry.npmjs.org/graceful-readlink/.cache.json
182 verbose correctMkdir /Users/xinxiuyan/.npm correctMkdir not in flight; initializing
183 silly resolveWithNewModule graceful-readlink@1.0.1 checking installable status
184 silly cache add args [ 'graceful-readlink@>= 1.0.0', null ]
185 verbose cache add spec graceful-readlink@>= 1.0.0
186 silly cache add parsed spec Result {
186 silly cache add   raw: 'graceful-readlink@>= 1.0.0',
186 silly cache add   scope: null,
186 silly cache add   escapedName: 'graceful-readlink',
186 silly cache add   name: 'graceful-readlink',
186 silly cache add   rawSpec: '>= 1.0.0',
186 silly cache add   spec: '>=1.0.0',
186 silly cache add   type: 'range' }
187 silly addNamed graceful-readlink@>=1.0.0
188 verbose addNamed ">=1.0.0" is a valid semver range for graceful-readlink
189 silly addNameRange { name: 'graceful-readlink', range: '>=1.0.0', hasData: false }
190 silly mapToRegistry name graceful-readlink
191 silly mapToRegistry using default registry
192 silly mapToRegistry registry https://registry.npmjs.org/
193 silly mapToRegistry data Result {
193 silly mapToRegistry   raw: 'graceful-readlink',
193 silly mapToRegistry   scope: null,
193 silly mapToRegistry   escapedName: 'graceful-readlink',
193 silly mapToRegistry   name: 'graceful-readlink',
193 silly mapToRegistry   rawSpec: '',
193 silly mapToRegistry   spec: 'latest',
193 silly mapToRegistry   type: 'tag' }
194 silly mapToRegistry uri https://registry.npmjs.org/graceful-readlink
195 verbose addNameRange registry:https://registry.npmjs.org/graceful-readlink not in flight; fetching
196 verbose get https://registry.npmjs.org/graceful-readlink not expired, no request
197 silly addNameRange number 2 { name: 'graceful-readlink', range: '>=1.0.0', hasData: true }
198 silly addNameRange versions [ 'graceful-readlink', [ '1.0.0', '1.0.1' ] ]
199 silly addNamed graceful-readlink@1.0.1
200 verbose addNamed "1.0.1" is a plain semver version for graceful-readlink
201 silly cache afterAdd graceful-readlink@1.0.1
202 verbose afterAdd /Users/xinxiuyan/.npm/graceful-readlink/1.0.1/package/package.json not in flight; writing
203 verbose correctMkdir /Users/xinxiuyan/.npm correctMkdir not in flight; initializing
204 verbose afterAdd /Users/xinxiuyan/.npm/graceful-readlink/1.0.1/package/package.json written
205 silly fetchNamedPackageData minimist
206 silly mapToRegistry name minimist
207 silly mapToRegistry using default registry
208 silly mapToRegistry registry https://registry.npmjs.org/
209 silly mapToRegistry data Result {
209 silly mapToRegistry   raw: 'minimist',
209 silly mapToRegistry   scope: null,
209 silly mapToRegistry   escapedName: 'minimist',
209 silly mapToRegistry   name: 'minimist',
209 silly mapToRegistry   rawSpec: '',
209 silly mapToRegistry   spec: 'latest',
209 silly mapToRegistry   type: 'tag' }
210 silly mapToRegistry uri https://registry.npmjs.org/minimist
211 verbose request uri https://registry.npmjs.org/minimist
212 verbose request no auth needed
213 info attempt registry request try #1 at 17:17:43
214 verbose etag W/"589425c0-737e"
215 verbose lastModified Fri, 03 Feb 2017 06:40:00 GMT
216 http request GET https://registry.npmjs.org/minimist
217 http 304 https://registry.npmjs.org/minimist
218 verbose headers { date: 'Sun, 05 Feb 2017 22:17:43 GMT',
218 verbose headers   via: '1.1 varnish',
218 verbose headers   'cache-control': 'max-age=300',
218 verbose headers   etag: 'W/"589425c0-737e"',
218 verbose headers   age: '101',
218 verbose headers   connection: 'keep-alive',
218 verbose headers   'x-served-by': 'cache-bos8232-BOS',
218 verbose headers   'x-cache': 'HIT',
218 verbose headers   'x-cache-hits': '2',
218 verbose headers   'x-timer': 'S1486333063.050852,VS0,VE0',
218 verbose headers   vary: 'Accept-Encoding' }
219 silly get cb [ 304,
219 silly get   { date: 'Sun, 05 Feb 2017 22:17:43 GMT',
219 silly get     via: '1.1 varnish',
219 silly get     'cache-control': 'max-age=300',
219 silly get     etag: 'W/"589425c0-737e"',
219 silly get     age: '101',
219 silly get     connection: 'keep-alive',
219 silly get     'x-served-by': 'cache-bos8232-BOS',
219 silly get     'x-cache': 'HIT',
219 silly get     'x-cache-hits': '2',
219 silly get     'x-timer': 'S1486333063.050852,VS0,VE0',
219 silly get     vary: 'Accept-Encoding' } ]
220 verbose etag https://registry.npmjs.org/minimist from cache
221 verbose get saving minimist to /Users/xinxiuyan/.npm/registry.npmjs.org/minimist/.cache.json
222 verbose correctMkdir /Users/xinxiuyan/.npm correctMkdir not in flight; initializing
223 silly resolveWithNewModule minimist@0.0.8 checking installable status
224 silly cache add args [ 'minimist@0.0.8', null ]
225 verbose cache add spec minimist@0.0.8
226 silly cache add parsed spec Result {
226 silly cache add   raw: 'minimist@0.0.8',
226 silly cache add   scope: null,
226 silly cache add   escapedName: 'minimist',
226 silly cache add   name: 'minimist',
226 silly cache add   rawSpec: '0.0.8',
226 silly cache add   spec: '0.0.8',
226 silly cache add   type: 'version' }
227 silly addNamed minimist@0.0.8
228 verbose addNamed "0.0.8" is a plain semver version for minimist
229 silly mapToRegistry name minimist
230 silly mapToRegistry using default registry
231 silly mapToRegistry registry https://registry.npmjs.org/
232 silly mapToRegistry data Result {
232 silly mapToRegistry   raw: 'minimist',
232 silly mapToRegistry   scope: null,
232 silly mapToRegistry   escapedName: 'minimist',
232 silly mapToRegistry   name: 'minimist',
232 silly mapToRegistry   rawSpec: '',
232 silly mapToRegistry   spec: 'latest',
232 silly mapToRegistry   type: 'tag' }
233 silly mapToRegistry uri https://registry.npmjs.org/minimist
234 verbose addNameVersion registry:https://registry.npmjs.org/minimist not in flight; fetching
235 verbose get https://registry.npmjs.org/minimist not expired, no request
236 silly cache afterAdd minimist@0.0.8
237 verbose afterAdd /Users/xinxiuyan/.npm/minimist/0.0.8/package/package.json not in flight; writing
238 verbose correctMkdir /Users/xinxiuyan/.npm correctMkdir not in flight; initializing
239 verbose afterAdd /Users/xinxiuyan/.npm/minimist/0.0.8/package/package.json written
240 silly loadAllDepsIntoIdealTree Finishing
241 silly loadIdealTree Finishing
242 silly currentTree lib
243 silly idealTree lib
243 silly idealTree └─┬ express-generator@4.14.1
243 silly idealTree   ├── commander@2.9.0
243 silly idealTree   ├── graceful-readlink@1.0.1
243 silly idealTree   ├── minimist@0.0.8
243 silly idealTree   ├── mkdirp@0.5.1
243 silly idealTree   └── sorted-object@2.0.1
244 silly generateActionsToTake Starting
245 silly install generateActionsToTake
246 warn checkPermissions Missing write access to /usr/local/lib/node_modules
247 silly rollbackFailedOptional Starting
248 silly rollbackFailedOptional Finishing
249 silly runTopLevelLifecycles Finishing
250 silly install printInstalled
251 verbose stack Error: EACCES: permission denied, access '/usr/local/lib/node_modules'
251 verbose stack     at Error (native)
252 verbose cwd /Users/xinxiuyan/Desktop/test
253 error Darwin 15.6.0
254 error argv "/usr/local/bin/node" "/usr/local/bin/npm" "install" "express-generator" "-g"
255 error node v6.9.1
256 error npm  v3.10.8
257 error path /usr/local/lib/node_modules
258 error code EACCES
259 error errno -13
260 error syscall access
261 error Error: EACCES: permission denied, access '/usr/local/lib/node_modules'
261 error     at Error (native)
261 error  { Error: EACCES: permission denied, access '/usr/local/lib/node_modules'
261 error     at Error (native)
261 error   errno: -13,
261 error   code: 'EACCES',
261 error   syscall: 'access',
261 error   path: '/usr/local/lib/node_modules' }
262 error Please try running this command again as root/Administrator.
263 verbose exit [ -13, true ]
